WearApp/build/intermediates/manifest_merge_blame_file/debug/processDebugMainManifest/manifest-merger-blame-debug-report.txt
1<?xml version="1.0" encoding="utf-8"?>
2<manifest xmlns:android="http://schemas.android.com/apk/res/android"
3    package="com.dam.wearapp"
4    android:versionCode="1"
5    android:versionName="1.0" >
6
7    <uses-sdk
8        android:minSdkVersion="30"
9        android:targetSdkVersion="36" />
10
11    <uses-permission android:name="android.permission.WAKE_LOCK" />
11-->src\main\AndroidManifest.xml:4:5-68
11-->src\main\AndroidManifest.xml:4:22-65
12    <uses-permission android:name="android.permission.ACTIVITY_RECOGNITION" />
12-->src\main\AndroidManifest.xml:5:5-79
12-->src\main\AndroidManifest.xml:5:22-76
13    <uses-permission android:name="android.permission.FOREGROUND_SERVICE" />
13-->src\main\AndroidManifest.xml:6:5-77
13-->src\main\AndroidManifest.xml:6:22-74
14    <uses-permission android:name="android.permission.FOREGROUND_SERVICE_HEALTH" />
14-->src\main\AndroidManifest.xml:7:5-84
14-->src\main\AndroidManifest.xml:7:22-81
15
16    <uses-feature android:name="android.hardware.type.watch" />
16-->src\main\AndroidManifest.xml:9:5-64
16-->src\main\AndroidManifest.xml:9:19-61
17
18    <permission
18-->[androidx.core:core:1.16.0] AndroidManifest.xml:22:5-24:47
19        android:name="com.dam.wearapp.DYNAMIC_RECEIVER_NOT_EXPORTED_PERMISSION"
19-->[androidx.core:core:1.16.0] AndroidManifest.xml:23:9-81
20        android:protectionLevel="signature" />
20-->[androidx.core:core:1.16.0] AndroidManifest.xml:24:9-44
21
22    <uses-permission android:name="com.dam.wearapp.DYNAMIC_RECEIVER_NOT_EXPORTED_PERMISSION" />
22-->[androidx.core:core:1.16.0] AndroidManifest.xml:26:5-97
22-->[androidx.core:core:1.16.0] AndroidManifest.xml:26:22-94
23
24    <application
24-->src\main\AndroidManifest.xml:11:5-49:19
25        android:allowBackup="true"
25-->src\main\AndroidManifest.xml:12:9-35
26        android:appComponentFactory="androidx.core.app.CoreComponentFactory"
26-->[androidx.core:core:1.16.0] AndroidManifest.xml:28:18-86
27        android:debuggable="true"
28        android:extractNativeLibs="false"
29        android:icon="@mipmap/ic_launcher"
29-->src\main\AndroidManifest.xml:13:9-43
30        android:label="@string/app_name"
30-->src\main\AndroidManifest.xml:14:9-41
31        android:supportsRtl="true"
31-->src\main\AndroidManifest.xml:15:9-35
32        android:testOnly="true"
33        android:theme="@android:style/Theme.DeviceDefault" >
33-->src\main\AndroidManifest.xml:16:9-59
34        <uses-library
34-->src\main\AndroidManifest.xml:17:9-19:39
35            android:name="com.google.android.wearable"
35-->src\main\AndroidManifest.xml:18:13-55
36            android:required="true" />
36-->src\main\AndroidManifest.xml:19:13-36
37        <uses-library
37-->src\main\AndroidManifest.xml:20:9-22:40
38            android:name="wear-sdk"
38-->src\main\AndroidManifest.xml:21:13-36
39            android:required="false" />
39-->src\main\AndroidManifest.xml:22:13-37
40
41        <!--
42               Set to true if your app is Standalone, that is, it does not require the handheld
43               app to run.
44        -->
45        <meta-data
45-->src\main\AndroidManifest.xml:28:9-30:36
46            android:name="com.google.android.wearable.standalone"
46-->src\main\AndroidManifest.xml:29:13-66
47            android:value="true" />
47-->src\main\AndroidManifest.xml:30:13-33
48
49        <activity
49-->src\main\AndroidManifest.xml:32:9-42:20
50            android:name="com.dam.wearapp.presentation.MainActivity"
50-->src\main\AndroidManifest.xml:33:13-54
51            android:exported="true"
51-->src\main\AndroidManifest.xml:34:13-36
52            android:taskAffinity=""
52-->src\main\AndroidManifest.xml:35:13-36
53            android:theme="@style/MainActivityTheme.Starting" >
53-->src\main\AndroidManifest.xml:36:13-62
54            <intent-filter>
54-->src\main\AndroidManifest.xml:37:13-41:29
55                <action android:name="android.intent.action.MAIN" />
55-->src\main\AndroidManifest.xml:38:17-69
55-->src\main\AndroidManifest.xml:38:25-66
56
57                <category android:name="android.intent.category.LAUNCHER" />
57-->src\main\AndroidManifest.xml:40:17-77
57-->src\main\AndroidManifest.xml:40:27-74
58            </intent-filter>
59        </activity>
60
61        <service
61-->src\main\AndroidManifest.xml:44:9-48:40
62            android:name="com.dam.wearapp.presentation.service.StepCounterManager"
62-->src\main\AndroidManifest.xml:45:13-83
63            android:enabled="true"
63-->src\main\AndroidManifest.xml:47:13-35
64            android:exported="false"
64-->src\main\AndroidManifest.xml:48:13-37
65            android:foregroundServiceType="health" />
65-->src\main\AndroidManifest.xml:46:13-51
66
67        <activity
67-->[com.google.android.gms:play-services-base:18.5.0] AndroidManifest.xml:5:9-173
68            android:name="com.google.android.gms.common.api.GoogleApiActivity"
68-->[com.google.android.gms:play-services-base:18.5.0] AndroidManifest.xml:5:19-85
69            android:exported="false"
69-->[com.google.android.gms:play-services-base:18.5.0] AndroidManifest.xml:5:146-170
70            android:theme="@android:style/Theme.Translucent.NoTitleBar" />
70-->[com.google.android.gms:play-services-base:18.5.0] AndroidManifest.xml:5:86-145
71
72        <meta-data
72-->[com.google.android.gms:play-services-basement:18.4.0] AndroidManifest.xml:6:9-122
73            android:name="com.google.android.gms.version"
73-->[com.google.android.gms:play-services-basement:18.4.0] AndroidManifest.xml:6:20-65
74            android:value="@integer/google_play_services_version" />
74-->[com.google.android.gms:play-services-basement:18.4.0] AndroidManifest.xml:6:66-119
75
76        <activity
76-->[androidx.compose.ui:ui-test-manifest:1.9.2] AndroidManifest.xml:23:9-26:79
77            android:name="androidx.activity.ComponentActivity"
77-->[androidx.compose.ui:ui-test-manifest:1.9.2] AndroidManifest.xml:24:13-63
78            android:exported="true"
78-->[androidx.compose.ui:ui-test-manifest:1.9.2] AndroidManifest.xml:25:13-36
79            android:theme="@android:style/Theme.Material.Light.NoActionBar" />
79-->[androidx.compose.ui:ui-test-manifest:1.9.2] AndroidManifest.xml:26:13-76
80        <activity
80-->[androidx.compose.ui:ui-tooling-android:1.9.2] AndroidManifest.xml:23:9-25:39
81            android:name="androidx.compose.ui.tooling.PreviewActivity"
81-->[androidx.compose.ui:ui-tooling-android:1.9.2] AndroidManifest.xml:24:13-71
82            android:exported="true" />
82-->[androidx.compose.ui:ui-tooling-android:1.9.2] AndroidManifest.xml:25:13-36
83
84        <provider
84-->[androidx.emoji2:emoji2:1.4.0] AndroidManifest.xml:24:9-32:20
85            android:name="androidx.startup.InitializationProvider"
85-->[androidx.emoji2:emoji2:1.4.0] AndroidManifest.xml:25:13-67
86            android:authorities="com.dam.wearapp.androidx-startup"
86-->[androidx.emoji2:emoji2:1.4.0] AndroidManifest.xml:26:13-68
87            android:exported="false" >
87-->[androidx.emoji2:emoji2:1.4.0] AndroidManifest.xml:27:13-37
88            <meta-data
88-->[androidx.emoji2:emoji2:1.4.0] AndroidManifest.xml:29:13-31:52
89                android:name="androidx.emoji2.text.EmojiCompatInitializer"
89-->[androidx.emoji2:emoji2:1.4.0] AndroidManifest.xml:30:17-75
90                android:value="androidx.startup" />
90-->[androidx.emoji2:emoji2:1.4.0] AndroidManifest.xml:31:17-49
91            <meta-data
91-->[androidx.lifecycle:lifecycle-process:2.9.4] AndroidManifest.xml:29:13-31:52
92                android:name="androidx.lifecycle.ProcessLifecycleInitializer"
92-->[androidx.lifecycle:lifecycle-process:2.9.4] AndroidManifest.xml:30:17-78
93                android:value="androidx.startup" />
93-->[androidx.lifecycle:lifecycle-process:2.9.4] AndroidManifest.xml:31:17-49
94            <meta-data
94-->[androidx.profileinstaller:profileinstaller:1.4.0] AndroidManifest.xml:29:13-31:52
95                android:name="androidx.profileinstaller.ProfileInstallerInitializer"
95-->[androidx.profileinstaller:profileinstaller:1.4.0] AndroidManifest.xml:30:17-85
96                android:value="androidx.startup" />
96-->[androidx.profileinstaller:profileinstaller:1.4.0] AndroidManifest.xml:31:17-49
97        </provider>
98
99        <receiver
99-->[androidx.profileinstaller:profileinstaller:1.4.0] AndroidManifest.xml:34:9-52:20
100            android:name="androidx.profileinstaller.ProfileInstallReceiver"
100-->[androidx.profileinstaller:profileinstaller:1.4.0] AndroidManifest.xml:35:13-76
101            android:directBootAware="false"
101-->[androidx.profileinstaller:profileinstaller:1.4.0] AndroidManifest.xml:36:13-44
102            android:enabled="true"
102-->[androidx.profileinstaller:profileinstaller:1.4.0] AndroidManifest.xml:37:13-35
103            android:exported="true"
103-->[androidx.profileinstaller:profileinstaller:1.4.0] AndroidManifest.xml:38:13-36
104            android:permission="android.permission.DUMP" >
104-->[androidx.profileinstaller:profileinstaller:1.4.0] AndroidManifest.xml:39:13-57
105            <intent-filter>
105-->[androidx.profileinstaller:profileinstaller:1.4.0] AndroidManifest.xml:40:13-42:29
106                <action android:name="androidx.profileinstaller.action.INSTALL_PROFILE" />
106-->[androidx.profileinstaller:profileinstaller:1.4.0] AndroidManifest.xml:41:17-91
106-->[androidx.profileinstaller:profileinstaller:1.4.0] AndroidManifest.xml:41:25-88
107            </intent-filter>
108            <intent-filter>
108-->[androidx.profileinstaller:profileinstaller:1.4.0] AndroidManifest.xml:43:13-45:29
109                <action android:name="androidx.profileinstaller.action.SKIP_FILE" />
109-->[androidx.profileinstaller:profileinstaller:1.4.0] AndroidManifest.xml:44:17-85
109-->[androidx.profileinstaller:profileinstaller:1.4.0] AndroidManifest.xml:44:25-82
110            </intent-filter>
111            <intent-filter>
111-->[androidx.profileinstaller:profileinstaller:1.4.0] AndroidManifest.xml:46:13-48:29
112                <action android:name="androidx.profileinstaller.action.SAVE_PROFILE" />
112-->[androidx.profileinstaller:profileinstaller:1.4.0] AndroidManifest.xml:47:17-88
112-->[androidx.profileinstaller:profileinstaller:1.4.0] AndroidManifest.xml:47:25-85
113            </intent-filter>
114            <intent-filter>
114-->[androidx.profileinstaller:profileinstaller:1.4.0] AndroidManifest.xml:49:13-51:29
115                <action android:name="androidx.profileinstaller.action.BENCHMARK_OPERATION" />
115-->[androidx.profileinstaller:profileinstaller:1.4.0] AndroidManifest.xml:50:17-95
115-->[androidx.profileinstaller:profileinstaller:1.4.0] AndroidManifest.xml:50:25-92
116            </intent-filter>
117        </receiver>
118    </application>
119
120</manifest>